<?xml version="1.0" encoding="UTF-8"?>
<!-- Generated by org.testng.reporters.JUnitReportReporter -->
<testsuite hostname="DESKTOP-H21MM63" name="rediff.testcases.RediffLoginExcel" tests="1" failures="0" timestamp="24 Dec 2020 08:17:24 GMT" time="19.601" errors="0">
  <testcase name="loginApp" time="19.601" classname="rediff.testcases.RediffLoginExcel"/>
</testsuite> <!-- rediff.testcases.RediffLoginExcel -->
