<?xml version="1.0" encoding="UTF-8"?>
<!-- Generated by org.testng.reporters.JUnitReportReporter -->
<testsuite hostname="DESKTOP-H21MM63" name="selenium.com.test.Selenium_Gurushools_maven.AssertValidation" tests="1" failures="0" timestamp="16 Dec 2020 02:51:47 GMT" time="17.256" errors="0">
  <testcase name="openBrowser" time="17.256" classname="selenium.com.test.Selenium_Gurushools_maven.AssertValidation"/>
</testsuite> <!-- selenium.com.test.Selenium_Gurushools_maven.AssertValidation -->
