<?xml version="1.0" encoding="UTF-8"?>
<!-- Generated by org.testng.reporters.JUnitReportReporter -->
<testsuite hostname="DESKTOP-H21MM63" name="rediff.testcases.RediffLoginTC" tests="1" failures="0" timestamp="18 Dec 2020 03:32:37 GMT" time="23.492" errors="0">
  <testcase name="login" time="23.492" classname="rediff.testcases.RediffLoginTC"/>
</testsuite> <!-- rediff.testcases.RediffLoginTC -->
