<?xml version="1.0" encoding="UTF-8"?>
<!-- Generated by org.testng.reporters.JUnitReportReporter -->
<testsuite hostname="DESKTOP-H21MM63" name="selenium.com.test.Selenium_Gurushools_maven.GoogleValidation" tests="1" failures="0" timestamp="15 Jan 2021 07:43:55 GMT" time="6.679" errors="0">
  <testcase name="logo" time="6.679" classname="selenium.com.test.Selenium_Gurushools_maven.GoogleValidation"/>
</testsuite> <!-- selenium.com.test.Selenium_Gurushools_maven.GoogleValidation -->
