<?xml version="1.0" encoding="UTF-8"?>
<!-- Generated by org.testng.reporters.JUnitReportReporter -->
<testsuite hostname="DESKTOP-H21MM63" name="rediff.testcases.REdiffLoginTC2" tests="1" failures="0" timestamp="23 Dec 2020 02:15:16 GMT" time="41.516" errors="0">
  <testcase name="loginApp" time="41.516" classname="rediff.testcases.REdiffLoginTC2"/>
</testsuite> <!-- rediff.testcases.REdiffLoginTC2 -->
