<?xml version="1.0" encoding="UTF-8"?>
<!-- Generated by org.testng.reporters.JUnitReportReporter -->
<testsuite hostname="DESKTOP-H21MM63" name="selenium.com.test.Selenium_Gurushools_maven.Validation2" tests="1" failures="0" timestamp="16 Dec 2020 17:16:49 GMT" time="0.014" errors="0">
  <testcase name="check" time="0.014" classname="selenium.com.test.Selenium_Gurushools_maven.Validation2"/>
</testsuite> <!-- selenium.com.test.Selenium_Gurushools_maven.Validation2 -->
