<?xml version="1.0" encoding="UTF-8"?>
<!-- Generated by org.testng.reporters.JUnitReportReporter -->
<testsuite hostname="DESKTOP-H21MM63" name="selenium.com.test.Selenium_Gurushools_maven.RediffHomePage" tests="1" failures="0" timestamp="18 Dec 2020 02:44:40 GMT" time="23.084" errors="0">
  <testcase name="test1" time="23.084" classname="selenium.com.test.Selenium_Gurushools_maven.RediffHomePage"/>
</testsuite> <!-- selenium.com.test.Selenium_Gurushools_maven.RediffHomePage -->
