<?xml version="1.0" encoding="UTF-8"?>
<!-- Generated by org.testng.reporters.JUnitReportReporter -->
<testsuite hostname="DESKTOP-H21MM63" name="rediff.testcases.RediffLoginPF_TC3" tests="1" failures="0" timestamp="23 Dec 2020 02:50:54 GMT" time="29.438" errors="0">
  <testcase name="loginApp" time="29.438" classname="rediff.testcases.RediffLoginPF_TC3"/>
</testsuite> <!-- rediff.testcases.RediffLoginPF_TC3 -->
