<?xml version="1.0" encoding="UTF-8"?>
<!-- Generated by org.testng.reporters.JUnitReportReporter -->
<testsuite hostname="DESKTOP-H21MM63" name="rediff.testcases.RediffLoginExcel" tests="1" failures="0" timestamp="22 Dec 2020 11:24:29 GMT" time="15.197" errors="0">
  <testcase name="loginApp" time="15.197" classname="rediff.testcases.RediffLoginExcel"/>
</testsuite> <!-- rediff.testcases.RediffLoginExcel -->
