<?xml version="1.0" encoding="UTF-8"?>
<!-- Generated by org.testng.reporters.JUnitReportReporter -->
<testsuite hostname="DESKTOP-H21MM63" name="selenium.com.test.Selenium_Gurushools_maven.GoogleValidation" tests="1" failures="0" timestamp="18 Dec 2020 02:40:11 GMT" time="8.762" errors="0">
  <testcase name="logo" time="8.762" classname="selenium.com.test.Selenium_Gurushools_maven.GoogleValidation"/>
</testsuite> <!-- selenium.com.test.Selenium_Gurushools_maven.GoogleValidation -->
